<?xml version="1.0" encoding="UTF-8"?>
<!-- Generated by org.testng.reporters.JUnitXMLReporter -->
<testsuite ignored="0" hostname="LAPTOP-M6IA45P3" failures="0" tests="5" name="FirstTest" time="0.037" errors="0" timestamp="2024-04-04T21:51:32 ICT">
  <testcase classname="first_package.firstclass" name="firstMethod" time="0.006"/>
  <testcase classname="first_package.firstclass" name="secondMethod" time="0.0"/>
  <testcase classname="first_package.secondclass" name="firstMethod" time="0.001"/>
  <testcase classname="first_package.secondclass" name="secondMethod" time="0.0"/>
  <testcase classname="first_package.secondclass" name="thirdMethod" time="0.0"/>
</testsuite> <!-- FirstTest -->
