<?xml version="1.0" encoding="UTF-8"?>
<!-- Generated by org.testng.reporters.JUnitXMLReporter -->
<testsuite ignored="0" hostname="LAPTOP-M6IA45P3" failures="0" tests="8" name="SecondTest" time="0.048" errors="0" timestamp="2024-04-05T08:43:57 ICT">
  <testcase classname="first_package.first_class" name="first_method" time="0.006"/>
  <testcase classname="first_package.first_class" name="second_method" time="0.002"/>
  <testcase classname="second_package.first_class" name="first_method" time="0.001"/>
  <testcase classname="second_package.first_class" name="second_method" time="0.002"/>
  <testcase classname="first_package.second_class" name="first_method" time="0.0"/>
  <testcase classname="first_package.second_class" name="second_method" time="0.0"/>
  <testcase classname="second_package.second_class" name="first_method" time="0.001"/>
  <testcase classname="second_package.second_class" name="second_method" time="0.001"/>
</testsuite> <!-- SecondTest -->
