<?xml version="1.0" encoding="UTF-8"?>
<!-- Generated by org.testng.reporters.JUnitXMLReporter -->
<testsuite ignored="2" hostname="LAPTOP-M6IA45P3" failures="0" tests="2" name="ThirdTest" time="0.038" errors="0" timestamp="2024-04-05T08:31:30 ICT">
  <testcase classname="first_package.first_class" name="first_method" time="0.006"/>
  <testcase classname="second_package.first_class" name="first_method" time="0.0"/>
  <testcase classname="first_package.first_class" name="second_method" time="0.0">
    <ignored/>
  </testcase> <!-- second_method -->
  <testcase classname="second_package.first_class" name="second_method" time="0.0">
    <ignored/>
  </testcase> <!-- second_method -->
</testsuite> <!-- ThirdTest -->
