<?xml version="1.0" encoding="UTF-8"?>
<!-- Generated by org.testng.reporters.JUnitXMLReporter -->
<testsuite ignored="1" hostname="LAPTOP-M6IA45P3" failures="0" tests="1" name="Tesst dragAndDrop" time="9.926" errors="0" timestamp="2024-04-06T12:09:38 ICT">
  <testcase classname="Buoi18.userInterac_Actions.ActionClass" name="dragAndDrop" time="5.628"/>
  <testcase classname="Buoi18.userInterac_Actions.ActionClass" name="TestAction" time="0.0">
    <ignored/>
  </testcase> <!-- TestAction -->
</testsuite> <!-- Tesst dragAndDrop -->
