<?xml version="1.0" encoding="UTF-8"?>
<!-- Generated by org.testng.reporters.JUnitXMLReporter -->
<testsuite ignored="2" hostname="LAPTOP-M6IA45P3" failures="0" tests="2" name="FirstTest" time="0.039" errors="0" timestamp="2024-04-05T08:19:51 ICT">
  <testcase classname="first_package.second_class" name="second_method" time="0.007"/>
  <testcase classname="first_package.first_class" name="second_method" time="0.001"/>
  <testcase classname="first_package.first_class" name="first_method" time="0.0">
    <ignored/>
  </testcase> <!-- first_method -->
  <testcase classname="first_package.second_class" name="first_method" time="0.0">
    <ignored/>
  </testcase> <!-- first_method -->
</testsuite> <!-- FirstTest -->
