<?xml version="1.0" encoding="UTF-8"?>
<!-- Generated by org.testng.reporters.JUnitXMLReporter -->
<testsuite ignored="1" hostname="LAPTOP-M6IA45P3" failures="0" tests="7" name="Combine Test" time="0.05" errors="0" timestamp="2024-04-05T08:42:58 ICT">
  <testcase classname="second_package.first_class" name="first_method" time="0.006"/>
  <testcase classname="second_package.first_class" name="second_method" time="0.001"/>
  <testcase classname="first_package.first_class" name="first_method" time="0.001"/>
  <testcase classname="first_package.first_class" name="second_method" time="0.0"/>
  <testcase classname="third_package.first_class" name="first_method" time="0.001"/>
  <testcase classname="first_package.second_class" name="first_method" time="0.001"/>
  <testcase classname="first_package.second_class" name="second_method" time="0.001"/>
  <testcase classname="third_package.first_class" name="second_method" time="0.0">
    <ignored/>
  </testcase> <!-- second_method -->
</testsuite> <!-- Combine Test -->
