<?xml version="1.0" encoding="UTF-8"?>
<!-- Generated by org.testng.reporters.JUnitXMLReporter -->
<testsuite ignored="1" hostname="LAPTOP-M6IA45P3" failures="0" tests="1" name="Exclude_Method" time="0.063" errors="0" timestamp="2024-04-08T12:38:55 ICT">
  <testcase classname="Buoi15.first_package.first_class" name="first_method" time="0.011"/>
  <testcase classname="Buoi15.first_package.first_class" name="second_method" time="0.0">
    <ignored/>
  </testcase> <!-- second_method -->
</testsuite> <!-- Exclude_Method -->
