<?xml version="1.0" encoding="UTF-8"?>
<!-- Generated by org.testng.reporters.JUnitXMLReporter -->
<testsuite ignored="2" hostname="LAPTOP-M6IA45P3" failures="0" tests="1" name="Exercise_HRM" time="12.966" errors="0" timestamp="2024-04-10T10:44:46 ICT">
  <testcase classname="Buoi22.Excercise_HRM.Exercise_HRM" name="AddAdmin" time="8.695"/>
  <testcase classname="Buoi22.Excercise_HRM.Exercise_HRM" name="EditEmployee" time="0.0">
    <ignored/>
  </testcase> <!-- EditEmployee -->
  <testcase classname="Buoi22.Excercise_HRM.Exercise_HRM" name="AddEmployee" time="0.0">
    <ignored/>
  </testcase> <!-- AddEmployee -->
</testsuite> <!-- Exercise_HRM -->
